MyApplication/app/build/outputs/logs/manifest-merger-debug-report.txt
-- Merging decision tree log ---
manifest
ADDED from src/main/AndroidManifest.xml:2:1-50:12
INJECTED from src/main/AndroidManifest.xml:2:1-50:12
INJECTED from src/main/AndroidManifest.xml:2:1-50:12
INJECTED from src/main/AndroidManifest.xml:2:1-50:12
MERGED from [com.github.vicpinm:krealmextensions:2.5.0] AndroidManifest.xml:2:1-14:12
MERGED from [io.realm:realm-android-library:5.10.0] AndroidManifest.xml:2:1-10:12
MERGED from [io.realm:realm-android-kotlin-extensions:5.10.0] AndroidManifest.xml:2:1-10:12
MERGED from [com.android.support:design:28.0.0] AndroidManifest.xml:17:1-24:12
MERGED from [com.android.support:preference-v7:28.0.0] AndroidManifest.xml:17:1-22:12
MERGED from [gr.pantrif:easy-android-splash-screen:0.0.1] AndroidManifest.xml:2:1-19:12
MERGED from [com.android.support:appcompat-v7:28.0.0] AndroidManifest.xml:17:1-22:12
MERGED from [com.android.support.constraint:constraint-layout:1.1.3] AndroidManifest.xml:2:1-11:12
MERGED from [com.android.support:support-v4:28.0.0] AndroidManifest.xml:17:1-22:12
MERGED from [com.android.support:animated-vector-drawable:28.0.0] AndroidManifest.xml:17:1-22:12
MERGED from [com.android.support:support-vector-drawable:28.0.0] AndroidManifest.xml:17:1-22:12
MERGED from [com.android.volley:volley:1.1.1] AndroidManifest.xml:2:1-11:12
MERGED from [org.jetbrains.anko:anko-commons:0.10.8] AndroidManifest.xml:2:1-13:12
MERGED from [com.tarun0.zxing-standalone:zxing-standalone:1.0.0] AndroidManifest.xml:17:1-204:12
MERGED from [io.reactivex.rxjava2:rxandroid:2.0.2] AndroidManifest.xml:15:1-21:12
MERGED from [com.android.support:recyclerview-v7:28.0.0] AndroidManifest.xml:17:1-22:12
MERGED from [com.getkeepsafe.relinker:relinker:1.3.0] AndroidManifest.xml:2:1-7:12
MERGED from [org.jetbrains.anko:commons-base:0.10.8] AndroidManifest.xml:2:1-11:12
MERGED from [com.android.support:support-fragment:28.0.0] AndroidManifest.xml:17:1-22:12
MERGED from [com.android.support:support-core-ui:28.0.0] AndroidManifest.xml:17:1-22:12
MERGED from [com.android.support:support-core-utils:28.0.0] AndroidManifest.xml:17:1-22:12
MERGED from [com.android.support:transition:28.0.0] AndroidManifest.xml:17:1-22:12
MERGED from [com.android.support:support-media-compat:28.0.0] AndroidManifest.xml:17:1-22:12
MERGED from [com.android.support:loader:28.0.0] AndroidManifest.xml:17:1-22:12
MERGED from [com.android.support:viewpager:28.0.0] AndroidManifest.xml:17:1-22:12
MERGED from [com.android.support:coordinatorlayout:28.0.0] AndroidManifest.xml:17:1-22:12
MERGED from [com.android.support:drawerlayout:28.0.0] AndroidManifest.xml:17:1-22:12
MERGED from [com.android.support:slidingpanelayout:28.0.0] AndroidManifest.xml:17:1-22:12
MERGED from [com.android.support:customview:28.0.0] AndroidManifest.xml:17:1-22:12
MERGED from [com.android.support:swiperefreshlayout:28.0.0] AndroidManifest.xml:17:1-22:12
MERGED from [com.android.support:asynclayoutinflater:28.0.0] AndroidManifest.xml:17:1-22:12
MERGED from [com.android.support:support-compat:28.0.0] AndroidManifest.xml:17:1-24:12
MERGED from [com.android.support:versionedparcelable:28.0.0] AndroidManifest.xml:17:1-25:12
MERGED from [com.android.support:cursoradapter:28.0.0] AndroidManifest.xml:17:1-22:12
MERGED from [com.android.support:cardview-v7:28.0.0] AndroidManifest.xml:17:1-22:12
MERGED from [android.arch.lifecycle:runtime:1.1.1] AndroidManifest.xml:17:1-22:12
MERGED from [com.android.support:documentfile:28.0.0] AndroidManifest.xml:17:1-22:12
MERGED from [com.android.support:localbroadcastmanager:28.0.0] AndroidManifest.xml:17:1-22:12
MERGED from [com.android.support:print:28.0.0] AndroidManifest.xml:17:1-22:12
MERGED from [android.arch.lifecycle:viewmodel:1.1.1] AndroidManifest.xml:17:1-22:12
MERGED from [com.android.support:interpolator:28.0.0] AndroidManifest.xml:17:1-22:12
MERGED from [android.arch.lifecycle:livedata:1.1.1] AndroidManifest.xml:17:1-22:12
MERGED from [android.arch.lifecycle:livedata-core:1.1.1] AndroidManifest.xml:17:1-22:12
MERGED from [android.arch.core:runtime:1.1.1] AndroidManifest.xml:17:1-22:12
INJECTED from src/main/AndroidManifest.xml:2:1-50:12
INJECTED from src/main/AndroidManifest.xml:2:1-50:12
INJECTED from src/main/AndroidManifest.xml:2:1-50:12
	package
		ADDED from src/main/AndroidManifest.xml:4:11-46
		INJECTED from src/main/AndroidManifest.xml
		INJECTED from src/main/AndroidManifest.xml
	android:versionName
		INJECTED from src/main/AndroidManifest.xml
		ADDED from src/main/AndroidManifest.xml:2:1-50:12
		INJECTED from src/main/AndroidManifest.xml
	xmlns:tools
		ADDED from src/main/AndroidManifest.xml:3:11-57
	android:versionCode
		INJECTED from src/main/AndroidManifest.xml
		ADDED from src/main/AndroidManifest.xml:2:1-50:12
		INJECTED from src/main/AndroidManifest.xml
	xmlns:android
		ADDED from src/main/AndroidManifest.xml:2:11-69
uses-permission#android.permission.GET_ACCOUNTS
ADDED from src/main/AndroidManifest.xml:6:5-70
	android:name
		ADDED from src/main/AndroidManifest.xml:6:22-68
uses-permission#android.permission.READ_PROFILE
ADDED from src/main/AndroidManifest.xml:7:5-70
	android:name
		ADDED from src/main/AndroidManifest.xml:7:22-68
uses-permission#android.permission.READ_CONTACTS
ADDED from src/main/AndroidManifest.xml:8:5-71
MERGED from [com.tarun0.zxing-standalone:zxing-standalone:1.0.0] AndroidManifest.xml:31:5-72
MERGED from [com.tarun0.zxing-standalone:zxing-standalone:1.0.0] AndroidManifest.xml:31:5-72
	android:name
		ADDED from src/main/AndroidManifest.xml:8:22-69
uses-permission#android.permission.ACCESS_NETWORK_STATE
ADDED from src/main/AndroidManifest.xml:9:5-78
	android:name
		ADDED from src/main/AndroidManifest.xml:9:22-76
uses-permission#android.permission.INTERNET
ADDED from src/main/AndroidManifest.xml:10:5-66
MERGED from [com.tarun0.zxing-standalone:zxing-standalone:1.0.0] AndroidManifest.xml:28:5-67
MERGED from [com.tarun0.zxing-standalone:zxing-standalone:1.0.0] AndroidManifest.xml:28:5-67
	android:name
		ADDED from src/main/AndroidManifest.xml:10:22-64
uses-permission#android.permission.CAMERA
ADDED from src/main/AndroidManifest.xml:11:5-64
MERGED from [com.tarun0.zxing-standalone:zxing-standalone:1.0.0] AndroidManifest.xml:27:5-65
MERGED from [com.tarun0.zxing-standalone:zxing-standalone:1.0.0] AndroidManifest.xml:27:5-65
	android:name
		ADDED from src/main/AndroidManifest.xml:11:22-62
application
ADDED from src/main/AndroidManifest.xml:13:5-48:19
MERGED from [com.github.vicpinm:krealmextensions:2.5.0] AndroidManifest.xml:11:5-12:19
MERGED from [com.github.vicpinm:krealmextensions:2.5.0] AndroidManifest.xml:11:5-12:19
MERGED from [com.android.support:design:28.0.0] AndroidManifest.xml:22:5-20
MERGED from [com.android.support:design:28.0.0] AndroidManifest.xml:22:5-20
MERGED from [gr.pantrif:easy-android-splash-screen:0.0.1] AndroidManifest.xml:12:5-17:19
MERGED from [gr.pantrif:easy-android-splash-screen:0.0.1] AndroidManifest.xml:12:5-17:19
MERGED from [com.android.support.constraint:constraint-layout:1.1.3] AndroidManifest.xml:9:5-20
MERGED from [com.android.support.constraint:constraint-layout:1.1.3] AndroidManifest.xml:9:5-20
MERGED from [com.android.volley:volley:1.1.1] AndroidManifest.xml:9:5-20
MERGED from [com.android.volley:volley:1.1.1] AndroidManifest.xml:9:5-20
MERGED from [org.jetbrains.anko:anko-commons:0.10.8] AndroidManifest.xml:11:5-20
MERGED from [org.jetbrains.anko:anko-commons:0.10.8] AndroidManifest.xml:11:5-20
MERGED from [com.tarun0.zxing-standalone:zxing-standalone:1.0.0] AndroidManifest.xml:68:5-202:19
MERGED from [com.tarun0.zxing-standalone:zxing-standalone:1.0.0] AndroidManifest.xml:68:5-202:19
MERGED from [com.android.support:support-compat:28.0.0] AndroidManifest.xml:22:5-94
MERGED from [com.android.support:support-compat:28.0.0] AndroidManifest.xml:22:5-94
MERGED from [com.android.support:versionedparcelable:28.0.0] AndroidManifest.xml:22:5-23:19
MERGED from [com.android.support:versionedparcelable:28.0.0] AndroidManifest.xml:22:5-23:19
	android:appComponentFactory
		ADDED from [com.android.support:support-compat:28.0.0] AndroidManifest.xml:22:18-91
	android:supportsRtl
		ADDED from src/main/AndroidManifest.xml:18:13-39
	android:label
		ADDED from src/main/AndroidManifest.xml:16:13-45
	android:roundIcon
		ADDED from src/main/AndroidManifest.xml:17:13-58
	android:configChanges
		ADDED from [gr.pantrif:easy-android-splash-screen:0.0.1] AndroidManifest.xml:14:9-70
	android:icon
		ADDED from src/main/AndroidManifest.xml:15:13-47
	android:allowBackup
		ADDED from src/main/AndroidManifest.xml:14:13-39
	android:theme
		ADDED from src/main/AndroidManifest.xml:19:13-44
activity#com.example.myapplication.ConfiguracionActivity
ADDED from src/main/AndroidManifest.xml:20:9-21:20
	android:name
		ADDED from src/main/AndroidManifest.xml:20:19-56
activity#com.example.myapplication.AcercaDeActivity
ADDED from src/main/AndroidManifest.xml:22:9-23:20
	android:name
		ADDED from src/main/AndroidManifest.xml:22:19-51
activity#com.example.myapplication.LoginActivity
ADDED from src/main/AndroidManifest.xml:24:9-25:20
	android:name
		ADDED from src/main/AndroidManifest.xml:24:19-48
activity#com.example.myapplication.ResultActivity
ADDED from src/main/AndroidManifest.xml:26:9-27:20
	android:name
		ADDED from src/main/AndroidManifest.xml:26:19-49
activity#com.example.myapplication.ResumenActivity
ADDED from src/main/AndroidManifest.xml:28:9-29:20
	android:name
		ADDED from src/main/AndroidManifest.xml:28:19-50
activity#com.example.myapplication.EncuestaActivity
ADDED from src/main/AndroidManifest.xml:30:9-31:20
	android:name
		ADDED from src/main/AndroidManifest.xml:30:19-51
activity#com.example.myapplication.EncuestasActivity
ADDED from src/main/AndroidManifest.xml:32:9-33:20
	android:name
		ADDED from src/main/AndroidManifest.xml:32:19-52
activity#com.example.myapplication.HomeActivity
ADDED from src/main/AndroidManifest.xml:34:9-38:20
	android:label
		ADDED from src/main/AndroidManifest.xml:36:17-60
	android:theme
		ADDED from src/main/AndroidManifest.xml:37:17-60
	android:name
		ADDED from src/main/AndroidManifest.xml:35:17-45
activity#com.example.myapplication.SplashActivity
ADDED from src/main/AndroidManifest.xml:39:9-47:20
	android:label
		ADDED from src/main/AndroidManifest.xml:41:17-49
	android:name
		ADDED from src/main/AndroidManifest.xml:40:17-47
intent-filter#action:name:android.intent.action.MAIN+category:name:android.intent.category.LAUNCHER
ADDED from src/main/AndroidManifest.xml:42:13-46:29
action#android.intent.action.MAIN
ADDED from src/main/AndroidManifest.xml:43:17-68
	android:name
		ADDED from src/main/AndroidManifest.xml:43:25-66
category#android.intent.category.LAUNCHER
ADDED from src/main/AndroidManifest.xml:45:17-76
	android:name
		ADDED from src/main/AndroidManifest.xml:45:27-74
uses-sdk
INJECTED from src/main/AndroidManifest.xml reason: use-sdk injection requested
INJECTED from src/main/AndroidManifest.xml
INJECTED from src/main/AndroidManifest.xml
MERGED from [com.github.vicpinm:krealmextensions:2.5.0] AndroidManifest.xml:7:5-9:41
MERGED from [com.github.vicpinm:krealmextensions:2.5.0] AndroidManifest.xml:7:5-9:41
MERGED from [io.realm:realm-android-library:5.10.0] AndroidManifest.xml:6:5-8:41
MERGED from [io.realm:realm-android-library:5.10.0] AndroidManifest.xml:6:5-8:41
MERGED from [io.realm:realm-android-kotlin-extensions:5.10.0] AndroidManifest.xml:6:5-8:41
MERGED from [io.realm:realm-android-kotlin-extensions:5.10.0] AndroidManifest.xml:6:5-8:41
MERGED from [com.android.support:design:28.0.0] AndroidManifest.xml:20:5-44
MERGED from [com.android.support:design:28.0.0] AndroidManifest.xml:20:5-44
MERGED from [com.android.support:preference-v7:28.0.0] AndroidManifest.xml:20:5-44
MERGED from [com.android.support:preference-v7:28.0.0] AndroidManifest.xml:20:5-44
MERGED from [gr.pantrif:easy-android-splash-screen:0.0.1] AndroidManifest.xml:8:5-10:41
MERGED from [gr.pantrif:easy-android-splash-screen:0.0.1] AndroidManifest.xml:8:5-10:41
MERGED from [com.android.support:appcompat-v7:28.0.0] AndroidManifest.xml:20:5-44
MERGED from [com.android.support:appcompat-v7:28.0.0] AndroidManifest.xml:20:5-44
MERGED from [com.android.support.constraint:constraint-layout:1.1.3] AndroidManifest.xml:5:5-7:41
MERGED from [com.android.support.constraint:constraint-layout:1.1.3] AndroidManifest.xml:5:5-7:41
MERGED from [com.android.support:support-v4:28.0.0] AndroidManifest.xml:20:5-44
MERGED from [com.android.support:support-v4:28.0.0] AndroidManifest.xml:20:5-44
MERGED from [com.android.support:animated-vector-drawable:28.0.0] AndroidManifest.xml:20:5-44
MERGED from [com.android.support:animated-vector-drawable:28.0.0] AndroidManifest.xml:20:5-44
MERGED from [com.android.support:support-vector-drawable:28.0.0] AndroidManifest.xml:20:5-44
MERGED from [com.android.support:support-vector-drawable:28.0.0] AndroidManifest.xml:20:5-44
MERGED from [com.android.volley:volley:1.1.1] AndroidManifest.xml:7:5-43
MERGED from [com.android.volley:volley:1.1.1] AndroidManifest.xml:7:5-43
MERGED from [org.jetbrains.anko:anko-commons:0.10.8] AndroidManifest.xml:7:5-9:41
MERGED from [org.jetbrains.anko:anko-commons:0.10.8] AndroidManifest.xml:7:5-9:41
MERGED from [com.tarun0.zxing-standalone:zxing-standalone:1.0.0] AndroidManifest.xml:23:5-25:41
MERGED from [com.tarun0.zxing-standalone:zxing-standalone:1.0.0] AndroidManifest.xml:23:5-25:41
MERGED from [io.reactivex.rxjava2:rxandroid:2.0.2] AndroidManifest.xml:19:5-43
MERGED from [io.reactivex.rxjava2:rxandroid:2.0.2] AndroidManifest.xml:19:5-43
MERGED from [com.android.support:recyclerview-v7:28.0.0] AndroidManifest.xml:20:5-44
MERGED from [com.android.support:recyclerview-v7:28.0.0] AndroidManifest.xml:20:5-44
MERGED from [com.getkeepsafe.relinker:relinker:1.3.0] AndroidManifest.xml:5:5-43
MERGED from [com.getkeepsafe.relinker:relinker:1.3.0] AndroidManifest.xml:5:5-43
MERGED from [org.jetbrains.anko:commons-base:0.10.8] AndroidManifest.xml:7:5-9:41
MERGED from [org.jetbrains.anko:commons-base:0.10.8] AndroidManifest.xml:7:5-9:41
MERGED from [com.android.support:support-fragment:28.0.0] AndroidManifest.xml:20:5-44
MERGED from [com.android.support:support-fragment:28.0.0] AndroidManifest.xml:20:5-44
MERGED from [com.android.support:support-core-ui:28.0.0] AndroidManifest.xml:20:5-44
MERGED from [com.android.support:support-core-ui:28.0.0] AndroidManifest.xml:20:5-44
MERGED from [com.android.support:support-core-utils:28.0.0] AndroidManifest.xml:20:5-44
MERGED from [com.android.support:support-core-utils:28.0.0] AndroidManifest.xml:20:5-44
MERGED from [com.android.support:transition:28.0.0] AndroidManifest.xml:20:5-44
MERGED from [com.android.support:transition:28.0.0] AndroidManifest.xml:20:5-44
MERGED from [com.android.support:support-media-compat:28.0.0] AndroidManifest.xml:20:5-44
MERGED from [com.android.support:support-media-compat:28.0.0] AndroidManifest.xml:20:5-44
MERGED from [com.android.support:loader:28.0.0] AndroidManifest.xml:20:5-44
MERGED from [com.android.support:loader:28.0.0] AndroidManifest.xml:20:5-44
MERGED from [com.android.support:viewpager:28.0.0] AndroidManifest.xml:20:5-44
MERGED from [com.android.support:viewpager:28.0.0] AndroidManifest.xml:20:5-44
MERGED from [com.android.support:coordinatorlayout:28.0.0] AndroidManifest.xml:20:5-44
MERGED from [com.android.support:coordinatorlayout:28.0.0] AndroidManifest.xml:20:5-44
MERGED from [com.android.support:drawerlayout:28.0.0] AndroidManifest.xml:20:5-44
MERGED from [com.android.support:drawerlayout:28.0.0] AndroidManifest.xml:20:5-44
MERGED from [com.android.support:slidingpanelayout:28.0.0] AndroidManifest.xml:20:5-44
MERGED from [com.android.support:slidingpanelayout:28.0.0] AndroidManifest.xml:20:5-44
MERGED from [com.android.support:customview:28.0.0] AndroidManifest.xml:20:5-44
MERGED from [com.android.support:customview:28.0.0] AndroidManifest.xml:20:5-44
MERGED from [com.android.support:swiperefreshlayout:28.0.0] AndroidManifest.xml:20:5-44
MERGED from [com.android.support:swiperefreshlayout:28.0.0] AndroidManifest.xml:20:5-44
MERGED from [com.android.support:asynclayoutinflater:28.0.0] AndroidManifest.xml:20:5-44
MERGED from [com.android.support:asynclayoutinflater:28.0.0] AndroidManifest.xml:20:5-44
MERGED from [com.android.support:support-compat:28.0.0] AndroidManifest.xml:20:5-44
MERGED from [com.android.support:support-compat:28.0.0] AndroidManifest.xml:20:5-44
MERGED from [com.android.support:versionedparcelable:28.0.0] AndroidManifest.xml:20:5-44
MERGED from [com.android.support:versionedparcelable:28.0.0] AndroidManifest.xml:20:5-44
MERGED from [com.android.support:cursoradapter:28.0.0] AndroidManifest.xml:20:5-44
MERGED from [com.android.support:cursoradapter:28.0.0] AndroidManifest.xml:20:5-44
MERGED from [com.android.support:cardview-v7:28.0.0] AndroidManifest.xml:20:5-44
MERGED from [com.android.support:cardview-v7:28.0.0] AndroidManifest.xml:20:5-44
MERGED from [android.arch.lifecycle:runtime:1.1.1] AndroidManifest.xml:20:5-44
MERGED from [android.arch.lifecycle:runtime:1.1.1] AndroidManifest.xml:20:5-44
MERGED from [com.android.support:documentfile:28.0.0] AndroidManifest.xml:20:5-44
MERGED from [com.android.support:documentfile:28.0.0] AndroidManifest.xml:20:5-44
MERGED from [com.android.support:localbroadcastmanager:28.0.0] AndroidManifest.xml:20:5-44
MERGED from [com.android.support:localbroadcastmanager:28.0.0] AndroidManifest.xml:20:5-44
MERGED from [com.android.support:print:28.0.0] AndroidManifest.xml:20:5-44
MERGED from [com.android.support:print:28.0.0] AndroidManifest.xml:20:5-44
MERGED from [android.arch.lifecycle:viewmodel:1.1.1] AndroidManifest.xml:20:5-44
MERGED from [android.arch.lifecycle:viewmodel:1.1.1] AndroidManifest.xml:20:5-44
MERGED from [com.android.support:interpolator:28.0.0] AndroidManifest.xml:20:5-44
MERGED from [com.android.support:interpolator:28.0.0] AndroidManifest.xml:20:5-44
MERGED from [android.arch.lifecycle:livedata:1.1.1] AndroidManifest.xml:20:5-44
MERGED from [android.arch.lifecycle:livedata:1.1.1] AndroidManifest.xml:20:5-44
MERGED from [android.arch.lifecycle:livedata-core:1.1.1] AndroidManifest.xml:20:5-44
MERGED from [android.arch.lifecycle:livedata-core:1.1.1] AndroidManifest.xml:20:5-44
MERGED from [android.arch.core:runtime:1.1.1] AndroidManifest.xml:20:5-44
MERGED from [android.arch.core:runtime:1.1.1] AndroidManifest.xml:20:5-44
INJECTED from src/main/AndroidManifest.xml
INJECTED from src/main/AndroidManifest.xml
	android:targetSdkVersion
		INJECTED from src/main/AndroidManifest.xml
		ADDED from src/main/AndroidManifest.xml
		INJECTED from src/main/AndroidManifest.xml
	android:minSdkVersion
		INJECTED from src/main/AndroidManifest.xml
		ADDED from src/main/AndroidManifest.xml
		INJECTED from src/main/AndroidManifest.xml
uses-permission#android.permission.VIBRATE
ADDED from [com.tarun0.zxing-standalone:zxing-standalone:1.0.0] AndroidManifest.xml:29:5-66
	android:name
		ADDED from [com.tarun0.zxing-standalone:zxing-standalone:1.0.0] AndroidManifest.xml:29:22-63
uses-permission#android.permission.FLASHLIGHT
ADDED from [com.tarun0.zxing-standalone:zxing-standalone:1.0.0] AndroidManifest.xml:30:5-69
	android:name
		ADDED from [com.tarun0.zxing-standalone:zxing-standalone:1.0.0] AndroidManifest.xml:30:22-66
uses-permission#com.android.browser.permission.READ_HISTORY_BOOKMARKS
ADDED from [com.tarun0.zxing-standalone:zxing-standalone:1.0.0] AndroidManifest.xml:33:5-93
	android:name
		ADDED from [com.tarun0.zxing-standalone:zxing-standalone:1.0.0] AndroidManifest.xml:33:22-90
uses-permission#android.permission.WRITE_EXTERNAL_STORAGE
ADDED from [com.tarun0.zxing-standalone:zxing-standalone:1.0.0] AndroidManifest.xml:34:5-81
	android:name
		ADDED from [com.tarun0.zxing-standalone:zxing-standalone:1.0.0] AndroidManifest.xml:34:22-78
uses-permission#android.permission.CHANGE_WIFI_STATE
ADDED from [com.tarun0.zxing-standalone:zxing-standalone:1.0.0] AndroidManifest.xml:35:5-76
	android:name
		ADDED from [com.tarun0.zxing-standalone:zxing-standalone:1.0.0] AndroidManifest.xml:35:22-73
uses-permission#android.permission.ACCESS_WIFI_STATE
ADDED from [com.tarun0.zxing-standalone:zxing-standalone:1.0.0] AndroidManifest.xml:36:5-76
	android:name
		ADDED from [com.tarun0.zxing-standalone:zxing-standalone:1.0.0] AndroidManifest.xml:36:22-73
uses-feature#android.hardware.camera
ADDED from [com.tarun0.zxing-standalone:zxing-standalone:1.0.0] AndroidManifest.xml:39:5-41:36
	android:required
		ADDED from [com.tarun0.zxing-standalone:zxing-standalone:1.0.0] AndroidManifest.xml:41:9-33
	android:name
		ADDED from [com.tarun0.zxing-standalone:zxing-standalone:1.0.0] AndroidManifest.xml:40:9-47
uses-feature#android.hardware.camera.front
ADDED from [com.tarun0.zxing-standalone:zxing-standalone:1.0.0] AndroidManifest.xml:42:5-44:36
	android:required
		ADDED from [com.tarun0.zxing-standalone:zxing-standalone:1.0.0] AndroidManifest.xml:44:9-33
	android:name
		ADDED from [com.tarun0.zxing-standalone:zxing-standalone:1.0.0] AndroidManifest.xml:43:9-53
uses-feature#android.hardware.camera.autofocus
ADDED from [com.tarun0.zxing-standalone:zxing-standalone:1.0.0] AndroidManifest.xml:47:5-49:36
	android:required
		ADDED from [com.tarun0.zxing-standalone:zxing-standalone:1.0.0] AndroidManifest.xml:49:9-33
	android:name
		ADDED from [com.tarun0.zxing-standalone:zxing-standalone:1.0.0] AndroidManifest.xml:48:9-57
uses-feature#android.hardware.camera.flash
ADDED from [com.tarun0.zxing-standalone:zxing-standalone:1.0.0] AndroidManifest.xml:50:5-52:36
	android:required
		ADDED from [com.tarun0.zxing-standalone:zxing-standalone:1.0.0] AndroidManifest.xml:52:9-33
	android:name
		ADDED from [com.tarun0.zxing-standalone:zxing-standalone:1.0.0] AndroidManifest.xml:51:9-53
uses-feature#android.hardware.screen.landscape
ADDED from [com.tarun0.zxing-standalone:zxing-standalone:1.0.0] AndroidManifest.xml:53:5-70
	android:name
		ADDED from [com.tarun0.zxing-standalone:zxing-standalone:1.0.0] AndroidManifest.xml:53:19-67
uses-feature#android.hardware.wifi
ADDED from [com.tarun0.zxing-standalone:zxing-standalone:1.0.0] AndroidManifest.xml:54:5-56:36
	android:required
		ADDED from [com.tarun0.zxing-standalone:zxing-standalone:1.0.0] AndroidManifest.xml:56:9-33
	android:name
		ADDED from [com.tarun0.zxing-standalone:zxing-standalone:1.0.0] AndroidManifest.xml:55:9-45
uses-feature#android.hardware.touchscreen
ADDED from [com.tarun0.zxing-standalone:zxing-standalone:1.0.0] AndroidManifest.xml:58:5-65
	android:name
		ADDED from [com.tarun0.zxing-standalone:zxing-standalone:1.0.0] AndroidManifest.xml:58:19-62
supports-screens
ADDED from [com.tarun0.zxing-standalone:zxing-standalone:1.0.0] AndroidManifest.xml:61:5-66:40
	android:largeScreens
		ADDED from [com.tarun0.zxing-standalone:zxing-standalone:1.0.0] AndroidManifest.xml:63:9-36
	android:smallScreens
		ADDED from [com.tarun0.zxing-standalone:zxing-standalone:1.0.0] AndroidManifest.xml:65:9-36
	android:normalScreens
		ADDED from [com.tarun0.zxing-standalone:zxing-standalone:1.0.0] AndroidManifest.xml:64:9-37
	android:xlargeScreens
		ADDED from [com.tarun0.zxing-standalone:zxing-standalone:1.0.0] AndroidManifest.xml:66:9-37
	android:anyDensity
		ADDED from [com.tarun0.zxing-standalone:zxing-standalone:1.0.0] AndroidManifest.xml:62:9-34
activity#com.google.zxing.client.android.CaptureActivity
ADDED from [com.tarun0.zxing-standalone:zxing-standalone:1.0.0] AndroidManifest.xml:71:9-134:20
	android:screenOrientation
		ADDED from [com.tarun0.zxing-standalone:zxing-standalone:1.0.0] AndroidManifest.xml:74:13-56
	android:clearTaskOnLaunch
		ADDED from [com.tarun0.zxing-standalone:zxing-standalone:1.0.0] AndroidManifest.xml:73:13-45
	android:stateNotNeeded
		ADDED from [com.tarun0.zxing-standalone:zxing-standalone:1.0.0] AndroidManifest.xml:75:13-42
	android:windowSoftInputMode
		ADDED from [com.tarun0.zxing-standalone:zxing-standalone:1.0.0] AndroidManifest.xml:77:13-60
	android:theme
		ADDED from [com.tarun0.zxing-standalone:zxing-standalone:1.0.0] AndroidManifest.xml:76:13-48
	android:name
		ADDED from [com.tarun0.zxing-standalone:zxing-standalone:1.0.0] AndroidManifest.xml:72:13-75
intent-filter#action:name:android.intent.action.MAIN
ADDED from [com.tarun0.zxing-standalone:zxing-standalone:1.0.0] AndroidManifest.xml:78:13-80:29
intent-filter#action:name:com.google.zxing.client.android.SCAN+category:name:android.intent.category.DEFAULT
ADDED from [com.tarun0.zxing-standalone:zxing-standalone:1.0.0] AndroidManifest.xml:81:13-85:29
action#com.google.zxing.client.android.SCAN
ADDED from [com.tarun0.zxing-standalone:zxing-standalone:1.0.0] AndroidManifest.xml:82:17-79
	android:name
		ADDED from [com.tarun0.zxing-standalone:zxing-standalone:1.0.0] AndroidManifest.xml:82:25-76
category#android.intent.category.DEFAULT
ADDED from [com.tarun0.zxing-standalone:zxing-standalone:1.0.0] AndroidManifest.xml:84:17-76
	android:name
		ADDED from [com.tarun0.zxing-standalone:zxing-standalone:1.0.0] AndroidManifest.xml:84:27-73
intent-filter#action:name:android.intent.action.VIEW+category:name:android.intent.category.BROWSABLE+category:name:android.intent.category.DEFAULT+data:host:zxing.appspot.com+data:path:/scan+data:scheme:http
ADDED from [com.tarun0.zxing-standalone:zxing-standalone:1.0.0] AndroidManifest.xml:87:13-97:29
action#android.intent.action.VIEW
ADDED from [com.tarun0.zxing-standalone:zxing-standalone:1.0.0] AndroidManifest.xml:88:17-69
	android:name
		ADDED from [com.tarun0.zxing-standalone:zxing-standalone:1.0.0] AndroidManifest.xml:88:25-66
category#android.intent.category.BROWSABLE
ADDED from [com.tarun0.zxing-standalone:zxing-standalone:1.0.0] AndroidManifest.xml:91:17-78
	android:name
		ADDED from [com.tarun0.zxing-standalone:zxing-standalone:1.0.0] AndroidManifest.xml:91:27-75
data
ADDED from [com.tarun0.zxing-standalone:zxing-standalone:1.0.0] AndroidManifest.xml:93:17-96:45
	android:path
		ADDED from [com.tarun0.zxing-standalone:zxing-standalone:1.0.0] AndroidManifest.xml:95:21-41
	android:host
		ADDED from [com.tarun0.zxing-standalone:zxing-standalone:1.0.0] AndroidManifest.xml:94:21-53
	android:scheme
		ADDED from [com.tarun0.zxing-standalone:zxing-standalone:1.0.0] AndroidManifest.xml:96:21-42
intent-filter#action:name:android.intent.action.VIEW+category:name:android.intent.category.BROWSABLE+category:name:android.intent.category.DEFAULT+data:host:www.google.com+data:path:/m/products/scan+data:scheme:http
ADDED from [com.tarun0.zxing-standalone:zxing-standalone:1.0.0] AndroidManifest.xml:99:13-109:29
intent-filter#action:name:android.intent.action.VIEW+category:name:android.intent.category.BROWSABLE+category:name:android.intent.category.DEFAULT+data:host:www.google.co.uk+data:path:/m/products/scan+data:scheme:http
ADDED from [com.tarun0.zxing-standalone:zxing-standalone:1.0.0] AndroidManifest.xml:111:13-121:29
intent-filter#action:name:android.intent.action.VIEW+category:name:android.intent.category.BROWSABLE+category:name:android.intent.category.DEFAULT+data:host:scan+data:path:/+data:scheme:zxing
ADDED from [com.tarun0.zxing-standalone:zxing-standalone:1.0.0] AndroidManifest.xml:123:13-133:29
activity#com.google.zxing.client.android.PreferencesActivity
ADDED from [com.tarun0.zxing-standalone:zxing-standalone:1.0.0] AndroidManifest.xml:135:9-138:45
	android:stateNotNeeded
		ADDED from [com.tarun0.zxing-standalone:zxing-standalone:1.0.0] AndroidManifest.xml:138:13-42
	android:label
		ADDED from [com.tarun0.zxing-standalone:zxing-standalone:1.0.0] AndroidManifest.xml:137:13-53
	android:name
		ADDED from [com.tarun0.zxing-standalone:zxing-standalone:1.0.0] AndroidManifest.xml:136:13-79
activity#com.google.zxing.client.android.encode.EncodeActivity
ADDED from [com.tarun0.zxing-standalone:zxing-standalone:1.0.0] AndroidManifest.xml:139:9-163:20
	android:stateNotNeeded
		ADDED from [com.tarun0.zxing-standalone:zxing-standalone:1.0.0] AndroidManifest.xml:141:13-42
	android:name
		ADDED from [com.tarun0.zxing-standalone:zxing-standalone:1.0.0] AndroidManifest.xml:140:13-81
intent-filter#action:name:com.google.zxing.client.android.ENCODE+category:name:android.intent.category.DEFAULT
ADDED from [com.tarun0.zxing-standalone:zxing-standalone:1.0.0] AndroidManifest.xml:142:13-146:29
action#com.google.zxing.client.android.ENCODE
ADDED from [com.tarun0.zxing-standalone:zxing-standalone:1.0.0] AndroidManifest.xml:143:17-81
	android:name
		ADDED from [com.tarun0.zxing-standalone:zxing-standalone:1.0.0] AndroidManifest.xml:143:25-78
intent-filter#action:name:android.intent.action.SEND+category:name:android.intent.category.DEFAULT+data:mimeType:text/x-vcard
ADDED from [com.tarun0.zxing-standalone:zxing-standalone:1.0.0] AndroidManifest.xml:148:13-154:29
action#android.intent.action.SEND
ADDED from [com.tarun0.zxing-standalone:zxing-standalone:1.0.0] AndroidManifest.xml:149:17-69
	android:name
		ADDED from [com.tarun0.zxing-standalone:zxing-standalone:1.0.0] AndroidManifest.xml:149:25-66
intent-filter#action:name:android.intent.action.SEND+category:name:android.intent.category.DEFAULT+data:mimeType:text/plain
ADDED from [com.tarun0.zxing-standalone:zxing-standalone:1.0.0] AndroidManifest.xml:156:13-162:29
activity#com.google.zxing.client.android.book.SearchBookContentsActivity
ADDED from [com.tarun0.zxing-standalone:zxing-standalone:1.0.0] AndroidManifest.xml:164:9-174:20
	android:screenOrientation
		ADDED from [com.tarun0.zxing-standalone:zxing-standalone:1.0.0] AndroidManifest.xml:167:13-56
	android:stateNotNeeded
		ADDED from [com.tarun0.zxing-standalone:zxing-standalone:1.0.0] AndroidManifest.xml:168:13-42
	android:label
		ADDED from [com.tarun0.zxing-standalone:zxing-standalone:1.0.0] AndroidManifest.xml:166:13-45
	android:name
		ADDED from [com.tarun0.zxing-standalone:zxing-standalone:1.0.0] AndroidManifest.xml:165:13-91
intent-filter#action:name:com.google.zxing.client.android.SEARCH_BOOK_CONTENTS+category:name:android.intent.category.DEFAULT
ADDED from [com.tarun0.zxing-standalone:zxing-standalone:1.0.0] AndroidManifest.xml:169:13-173:29
action#com.google.zxing.client.android.SEARCH_BOOK_CONTENTS